Analysis & Synthesis report for mem_tst
Tue Oct  8 16:09:15 2024
Quartus Prime Version 21.1.0 Build 842 10/21/2021 SJ Lite Edition


---------------------
; Table of Contents ;
---------------------
  1. Legal Notice
  2. Analysis & Synthesis Summary
  3. Analysis & Synthesis Settings
  4. Parallel Compilation
  5. Analysis & Synthesis Source Files Read
  6. Analysis & Synthesis Resource Usage Summary
  7. Analysis & Synthesis Resource Utilization by Entity
  8. General Register Statistics
  9. Port Connectivity Checks: "display_7seg:addrs_disp2"
 10. Post-Synthesis Netlist Statistics for Top Partition
 11. Elapsed Time Per Partition
 12. Analysis & Synthesis Messages



----------------
; Legal Notice ;
----------------
Copyright (C) 2021  Intel Corporation. All rights reserved.
Your use of Intel Corporation's design tools, logic functions 
and other software and tools, and any partner logic 
functions, and any output files from any of the foregoing 
(including device programming or simulation files), and any 
associated documentation or information are expressly subject 
to the terms and conditions of the Intel Program License 
Subscription Agreement, the Intel Quartus Prime License Agreement,
the Intel FPGA IP License Agreement, or other applicable license
agreement, including, without limitation, that your use is for
the sole purpose of programming logic devices manufactured by
Intel and sold by Intel or its authorized distributors.  Please
refer to the applicable agreement for further details, at
https://fpgasoftware.intel.com/eula.



+-------------------------------------------------------------------------------+
; Analysis & Synthesis Summary                                                  ;
+---------------------------------+---------------------------------------------+
; Analysis & Synthesis Status     ; Successful - Tue Oct  8 16:09:15 2024       ;
; Quartus Prime Version           ; 21.1.0 Build 842 10/21/2021 SJ Lite Edition ;
; Revision Name                   ; mem_tst                                     ;
; Top-level Entity Name           ; mem_tst                                     ;
; Family                          ; Cyclone V                                   ;
; Logic utilization (in ALMs)     ; N/A                                         ;
; Total registers                 ; 128                                         ;
; Total pins                      ; 39                                          ;
; Total virtual pins              ; 0                                           ;
; Total block memory bits         ; 0                                           ;
; Total DSP Blocks                ; 0                                           ;
; Total HSSI RX PCSs              ; 0                                           ;
; Total HSSI PMA RX Deserializers ; 0                                           ;
; Total HSSI TX PCSs              ; 0                                           ;
; Total HSSI PMA TX Serializers   ; 0                                           ;
; Total PLLs                      ; 0                                           ;
; Total DLLs                      ; 0                                           ;
+---------------------------------+---------------------------------------------+


+---------------------------------------------------------------------------------------------------------------------------+
; Analysis & Synthesis Settings                                                                                             ;
+---------------------------------------------------------------------------------+--------------------+--------------------+
; Option                                                                          ; Setting            ; Default Value      ;
+---------------------------------------------------------------------------------+--------------------+--------------------+
; Device                                                                          ; 5CEBA4F23C7        ;                    ;
; Top-level entity name                                                           ; mem_tst            ; mem_tst            ;
; Family name                                                                     ; Cyclone V          ; Cyclone V          ;
; Use smart compilation                                                           ; Off                ; Off                ;
; Enable parallel Assembler and Timing Analyzer during compilation                ; On                 ; On                 ;
; Enable compact report table                                                     ; Off                ; Off                ;
; Restructure Multiplexers                                                        ; Auto               ; Auto               ;
; MLAB Add Timing Constraints For Mixed-Port Feed-Through Mode Setting Don't Care ; Off                ; Off                ;
; Create Debugging Nodes for IP Cores                                             ; Off                ; Off                ;
; Preserve fewer node names                                                       ; On                 ; On                 ;
; Intel FPGA IP Evaluation Mode                                                   ; Enable             ; Enable             ;
; Verilog Version                                                                 ; Verilog_2001       ; Verilog_2001       ;
; VHDL Version                                                                    ; VHDL_1993          ; VHDL_1993          ;
; State Machine Processing                                                        ; Auto               ; Auto               ;
; Safe State Machine                                                              ; Off                ; Off                ;
; Extract Verilog State Machines                                                  ; On                 ; On                 ;
; Extract VHDL State Machines                                                     ; On                 ; On                 ;
; Ignore Verilog initial constructs                                               ; Off                ; Off                ;
; Iteration limit for constant Verilog loops                                      ; 5000               ; 5000               ;
; Iteration limit for non-constant Verilog loops                                  ; 250                ; 250                ;
; Add Pass-Through Logic to Inferred RAMs                                         ; On                 ; On                 ;
; Infer RAMs from Raw Logic                                                       ; On                 ; On                 ;
; Parallel Synthesis                                                              ; On                 ; On                 ;
; DSP Block Balancing                                                             ; Auto               ; Auto               ;
; NOT Gate Push-Back                                                              ; On                 ; On                 ;
; Power-Up Don't Care                                                             ; On                 ; On                 ;
; Remove Redundant Logic Cells                                                    ; Off                ; Off                ;
; Remove Duplicate Registers                                                      ; On                 ; On                 ;
; Ignore CARRY Buffers                                                            ; Off                ; Off                ;
; Ignore CASCADE Buffers                                                          ; Off                ; Off                ;
; Ignore GLOBAL Buffers                                                           ; Off                ; Off                ;
; Ignore ROW GLOBAL Buffers                                                       ; Off                ; Off                ;
; Ignore LCELL Buffers                                                            ; Off                ; Off                ;
; Ignore SOFT Buffers                                                             ; On                 ; On                 ;
; Limit AHDL Integers to 32 Bits                                                  ; Off                ; Off                ;
; Optimization Technique                                                          ; Balanced           ; Balanced           ;
; Carry Chain Length                                                              ; 70                 ; 70                 ;
; Auto Carry Chains                                                               ; On                 ; On                 ;
; Auto Open-Drain Pins                                                            ; On                 ; On                 ;
; Perform WYSIWYG Primitive Resynthesis                                           ; Off                ; Off                ;
; Auto ROM Replacement                                                            ; On                 ; On                 ;
; Auto RAM Replacement                                                            ; On                 ; On                 ;
; Auto DSP Block Replacement                                                      ; On                 ; On                 ;
; Auto Shift Register Replacement                                                 ; Auto               ; Auto               ;
; Allow Shift Register Merging across Hierarchies                                 ; Auto               ; Auto               ;
; Auto Clock Enable Replacement                                                   ; On                 ; On                 ;
; Strict RAM Replacement                                                          ; Off                ; Off                ;
; Allow Synchronous Control Signals                                               ; On                 ; On                 ;
; Force Use of Synchronous Clear Signals                                          ; Off                ; Off                ;
; Auto Resource Sharing                                                           ; Off                ; Off                ;
; Allow Any RAM Size For Recognition                                              ; Off                ; Off                ;
; Allow Any ROM Size For Recognition                                              ; Off                ; Off                ;
; Allow Any Shift Register Size For Recognition                                   ; Off                ; Off                ;
; Use LogicLock Constraints during Resource Balancing                             ; On                 ; On                 ;
; Ignore translate_off and synthesis_off directives                               ; Off                ; Off                ;
; Timing-Driven Synthesis                                                         ; On                 ; On                 ;
; Report Parameter Settings                                                       ; On                 ; On                 ;
; Report Source Assignments                                                       ; On                 ; On                 ;
; Report Connectivity Checks                                                      ; On                 ; On                 ;
; Ignore Maximum Fan-Out Assignments                                              ; Off                ; Off                ;
; Synchronization Register Chain Length                                           ; 3                  ; 3                  ;
; Power Optimization During Synthesis                                             ; Normal compilation ; Normal compilation ;
; HDL message level                                                               ; Level2             ; Level2             ;
; Suppress Register Optimization Related Messages                                 ; Off                ; Off                ;
; Number of Removed Registers Reported in Synthesis Report                        ; 5000               ; 5000               ;
; Number of Swept Nodes Reported in Synthesis Report                              ; 5000               ; 5000               ;
; Number of Inverted Registers Reported in Synthesis Report                       ; 100                ; 100                ;
; Clock MUX Protection                                                            ; On                 ; On                 ;
; Auto Gated Clock Conversion                                                     ; Off                ; Off                ;
; Block Design Naming                                                             ; Auto               ; Auto               ;
; SDC constraint protection                                                       ; Off                ; Off                ;
; Synthesis Effort                                                                ; Auto               ; Auto               ;
; Shift Register Replacement - Allow Asynchronous Clear Signal                    ; On                 ; On                 ;
; Pre-Mapping Resynthesis Optimization                                            ; Off                ; Off                ;
; Analysis & Synthesis Message Level                                              ; Medium             ; Medium             ;
; Disable Register Merging Across Hierarchies                                     ; Auto               ; Auto               ;
; Resource Aware Inference For Block RAM                                          ; On                 ; On                 ;
; Automatic Parallel Synthesis                                                    ; On                 ; On                 ;
; Partial Reconfiguration Bitstream ID                                            ; Off                ; Off                ;
+---------------------------------------------------------------------------------+--------------------+--------------------+


+------------------------------------------+
; Parallel Compilation                     ;
+----------------------------+-------------+
; Processors                 ; Number      ;
+----------------------------+-------------+
; Number detected on machine ; 4           ;
; Maximum allowed            ; 4           ;
;                            ;             ;
; Average used               ; 1.00        ;
; Maximum used               ; 1           ;
;                            ;             ;
; Usage by Processor         ; % Time Used ;
;     Processor 1            ; 100.0%      ;
+----------------------------+-------------+


+---------------------------------------------------------------------------------------------------------------------------------------------------------------+
; Analysis & Synthesis Source Files Read                                                                                                                        ;
+----------------------------------+-----------------+-----------------------+------------------------------------------------------------------------+---------+
; File Name with User-Entered Path ; Used in Netlist ; File Type             ; File Name with Absolute Path                                           ; Library ;
+----------------------------------+-----------------+-----------------------+------------------------------------------------------------------------+---------+
; mem_tst.vhd                      ; yes             ; User VHDL File        ; C:/Users/15491959/Desktop/quarts/Aula7-P-SD/part3_qrt/mem_tst.vhd      ;         ;
; ram32x4.vhd                      ; yes             ; Auto-Found VHDL File  ; C:/Users/15491959/Desktop/quarts/Aula7-P-SD/part3_qrt/ram32x4.vhd      ;         ;
; display_7seg.vhd                 ; yes             ; Auto-Found VHDL File  ; C:/Users/15491959/Desktop/quarts/Aula7-P-SD/part3_qrt/display_7seg.vhd ;         ;
+----------------------------------+-----------------+-----------------------+------------------------------------------------------------------------+---------+


+---------------------------------------------------------+
; Analysis & Synthesis Resource Usage Summary             ;
+---------------------------------------------+-----------+
; Resource                                    ; Usage     ;
+---------------------------------------------+-----------+
; Estimate of Logic utilization (ALMs needed) ; 118       ;
;                                             ;           ;
; Combinational ALUT usage for logic          ; 89        ;
;     -- 7 input functions                    ; 32        ;
;     -- 6 input functions                    ; 36        ;
;     -- 5 input functions                    ; 0         ;
;     -- 4 input functions                    ; 21        ;
;     -- <=3 input functions                  ; 0         ;
;                                             ;           ;
; Dedicated logic registers                   ; 128       ;
;                                             ;           ;
; I/O pins                                    ; 39        ;
;                                             ;           ;
; Total DSP Blocks                            ; 0         ;
;                                             ;           ;
; Maximum fan-out node                        ; clk~input ;
; Maximum fan-out                             ; 128       ;
; Total fan-out                               ; 972       ;
; Average fan-out                             ; 3.29      ;
+---------------------------------------------+-----------+


+----------------------------------------------------------------------------------------------------------------------------------------------------------------------------------------------------------+
; Analysis & Synthesis Resource Utilization by Entity                                                                                                                                                      ;
+-------------------------------+---------------------+---------------------------+-------------------+------------+------+--------------+-----------------------------------+--------------+--------------+
; Compilation Hierarchy Node    ; Combinational ALUTs ; Dedicated Logic Registers ; Block Memory Bits ; DSP Blocks ; Pins ; Virtual Pins ; Full Hierarchy Name               ; Entity Name  ; Library Name ;
+-------------------------------+---------------------+---------------------------+-------------------+------------+------+--------------+-----------------------------------+--------------+--------------+
; |mem_tst                      ; 89 (0)              ; 128 (0)                   ; 0                 ; 0          ; 39   ; 0            ; |mem_tst                          ; mem_tst      ; work         ;
;    |display_7seg:addrs_disp1| ; 7 (7)               ; 0 (0)                     ; 0                 ; 0          ; 0    ; 0            ; |mem_tst|display_7seg:addrs_disp1 ; display_7seg ; work         ;
;    |display_7seg:data_dispdd| ; 7 (7)               ; 0 (0)                     ; 0                 ; 0          ; 0    ; 0            ; |mem_tst|display_7seg:data_dispdd ; display_7seg ; work         ;
;    |display_7seg:main_disp|   ; 7 (7)               ; 0 (0)                     ; 0                 ; 0          ; 0    ; 0            ; |mem_tst|display_7seg:main_disp   ; display_7seg ; work         ;
;    |ram32x4:main_ram|         ; 68 (68)             ; 128 (128)                 ; 0                 ; 0          ; 0    ; 0            ; |mem_tst|ram32x4:main_ram         ; ram32x4      ; work         ;
+-------------------------------+---------------------+---------------------------+-------------------+------------+------+--------------+-----------------------------------+--------------+--------------+
Note: For table entries with two numbers listed, the numbers in parentheses indicate the number of resources of the given type used by the specific entity alone. The numbers listed outside of parentheses indicate the total resources of the given type used by the specific entity and all of its sub-entities in the hierarchy.


+------------------------------------------------------+
; General Register Statistics                          ;
+----------------------------------------------+-------+
; Statistic                                    ; Value ;
+----------------------------------------------+-------+
; Total registers                              ; 128   ;
; Number of registers using Synchronous Clear  ; 0     ;
; Number of registers using Synchronous Load   ; 0     ;
; Number of registers using Asynchronous Clear ; 0     ;
; Number of registers using Asynchronous Load  ; 0     ;
; Number of registers using Clock Enable       ; 128   ;
; Number of registers using Preset             ; 0     ;
+----------------------------------------------+-------+


+------------------------------------------------------+
; Port Connectivity Checks: "display_7seg:addrs_disp2" ;
+------------------+-------+----------+----------------+
; Port             ; Type  ; Severity ; Details        ;
+------------------+-------+----------+----------------+
; input_disp[3..1] ; Input ; Info     ; Stuck at GND   ;
+------------------+-------+----------+----------------+


+-----------------------------------------------------+
; Post-Synthesis Netlist Statistics for Top Partition ;
+-----------------------+-----------------------------+
; Type                  ; Count                       ;
+-----------------------+-----------------------------+
; arriav_ff             ; 128                         ;
;     ENA               ; 128                         ;
; arriav_lcell_comb     ; 94                          ;
;     extend            ; 32                          ;
;         7 data inputs ; 32                          ;
;     normal            ; 62                          ;
;         0 data inputs ; 2                           ;
;         1 data inputs ; 3                           ;
;         4 data inputs ; 21                          ;
;         6 data inputs ; 36                          ;
; boundary_port         ; 39                          ;
;                       ;                             ;
; Max LUT depth         ; 5.00                        ;
; Average LUT depth     ; 3.74                        ;
+-----------------------+-----------------------------+


+-------------------------------+
; Elapsed Time Per Partition    ;
+----------------+--------------+
; Partition Name ; Elapsed Time ;
+----------------+--------------+
; Top            ; 00:00:00     ;
+----------------+--------------+


+-------------------------------+
; Analysis & Synthesis Messages ;
+-------------------------------+
Info: *******************************************************************
Info: Running Quartus Prime Analysis & Synthesis
    Info: Version 21.1.0 Build 842 10/21/2021 SJ Lite Edition
    Info: Processing started: Tue Oct  8 16:09:06 2024
Info: Command: quartus_map --read_settings_files=on --write_settings_files=off mem_tst -c mem_tst
Warning (18236): Number of processors has not been specified which may cause overloading on shared machines.  Set the global assignment NUM_PARALLEL_PROCESSORS in your QSF to an appropriate value for best performance.
Info (20030): Parallel compilation is enabled and will use 4 of the 4 processors detected
Info (12021): Found 2 design units, including 1 entities, in source file mem_tst.vhd
    Info (12022): Found design unit 1: mem_tst-Behaviour File: C:/Users/15491959/Desktop/quarts/Aula7-P-SD/part3_qrt/mem_tst.vhd Line: 19
    Info (12023): Found entity 1: mem_tst File: C:/Users/15491959/Desktop/quarts/Aula7-P-SD/part3_qrt/mem_tst.vhd Line: 5
Info (12127): Elaborating entity "mem_tst" for the top level hierarchy
Warning (12125): Using design file ram32x4.vhd, which is not specified as a design file for the current project, but contains definitions for 2 design units and 1 entities in project
    Info (12022): Found design unit 1: ram32x4-Behaviour File: C:/Users/15491959/Desktop/quarts/Aula7-P-SD/part3_qrt/ram32x4.vhd Line: 15
    Info (12023): Found entity 1: ram32x4 File: C:/Users/15491959/Desktop/quarts/Aula7-P-SD/part3_qrt/ram32x4.vhd Line: 5
Info (12128): Elaborating entity "ram32x4" for hierarchy "ram32x4:main_ram" File: C:/Users/15491959/Desktop/quarts/Aula7-P-SD/part3_qrt/mem_tst.vhd Line: 43
Warning (12125): Using design file display_7seg.vhd, which is not specified as a design file for the current project, but contains definitions for 2 design units and 1 entities in project
    Info (12022): Found design unit 1: display_7seg-Behaviour File: C:/Users/15491959/Desktop/quarts/Aula7-P-SD/part3_qrt/display_7seg.vhd Line: 12
    Info (12023): Found entity 1: display_7seg File: C:/Users/15491959/Desktop/quarts/Aula7-P-SD/part3_qrt/display_7seg.vhd Line: 5
Info (12128): Elaborating entity "display_7seg" for hierarchy "display_7seg:main_disp" File: C:/Users/15491959/Desktop/quarts/Aula7-P-SD/part3_qrt/mem_tst.vhd Line: 52
Info (276014): Found 1 instances of uninferred RAM logic
    Info (276007): RAM logic "ram32x4:main_ram|mem_array" is uninferred due to asynchronous read logic File: C:/Users/15491959/Desktop/quarts/Aula7-P-SD/part3_qrt/ram32x4.vhd Line: 18
Warning (13024): Output pins are stuck at VCC or GND
    Warning (13410): Pin "adr2[0]" is stuck at VCC File: C:/Users/15491959/Desktop/quarts/Aula7-P-SD/part3_qrt/mem_tst.vhd Line: 14
    Warning (13410): Pin "adr2[4]" is stuck at GND File: C:/Users/15491959/Desktop/quarts/Aula7-P-SD/part3_qrt/mem_tst.vhd Line: 14
    Warning (13410): Pin "adr2[5]" is stuck at GND File: C:/Users/15491959/Desktop/quarts/Aula7-P-SD/part3_qrt/mem_tst.vhd Line: 14
Info (286030): Timing-Driven Synthesis is running
Info (16010): Generating hard_block partition "hard_block:auto_generated_inst"
    Info (16011): Adding 0 node(s), including 0 DDIO, 0 PLL, 0 transceiver and 0 LCELL
Info (21057): Implemented 256 device resources after synthesis - the final resource count might be different
    Info (21058): Implemented 11 input pins
    Info (21059): Implemented 28 output pins
    Info (21061): Implemented 217 logic cells
Info: Quartus Prime Analysis & Synthesis was successful. 0 errors, 7 warnings
    Info: Peak virtual memory: 4858 megabytes
    Info: Processing ended: Tue Oct  8 16:09:15 2024
    Info: Elapsed time: 00:00:09
    Info: Total CPU time (on all processors): 00:00:18


